

Started GET "/" for 127.0.0.1 at 2014-10-16 10:26:51 -0500
Processing by Rails::WelcomeController#index as HTML
  Rendered /Users/mjenkins/.rvm/gems/ruby-2.1.1@wikiful/gems/railties-4.1.6/lib/rails/templates/rails/welcome/index.html.erb (1.4ms)
Completed 200 OK in 15ms (Views: 7.1ms | ActiveRecord: 0.0ms)


Started GET "/" for 127.0.0.1 at 2014-10-16 10:33:47 -0500

ActionController::RoutingError (uninitialized constant WelcomeController):
  activesupport (4.1.6) lib/active_support/inflector/methods.rb:238:in `const_get'
  activesupport (4.1.6) lib/active_support/inflector/methods.rb:238:in `block in constantize'
  activesupport (4.1.6) lib/active_support/inflector/methods.rb:236:in `each'
  activesupport (4.1.6) lib/active_support/inflector/methods.rb:236:in `inject'
  activesupport (4.1.6) lib/active_support/inflector/methods.rb:236:in `constantize'
  actionpack (4.1.6) lib/action_dispatch/routing/route_set.rb:78:in `controller_reference'
  actionpack (4.1.6) lib/action_dispatch/routing/route_set.rb:68:in `controller'
  actionpack (4.1.6) lib/action_dispatch/routing/route_set.rb:46:in `call'
  actionpack (4.1.6) lib/action_dispatch/journey/router.rb:73:in `block in call'
  actionpack (4.1.6) lib/action_dispatch/journey/router.rb:59:in `each'
  actionpack (4.1.6) lib/action_dispatch/journey/router.rb:59:in `call'
  actionpack (4.1.6) lib/action_dispatch/routing/route_set.rb:678:in `call'
  rack (1.5.2) lib/rack/etag.rb:23:in `call'
  rack (1.5.2) lib/rack/conditionalget.rb:25:in `call'
  rack (1.5.2) lib/rack/head.rb:11:in `call'
  actionpack (4.1.6) lib/action_dispatch/middleware/params_parser.rb:27:in `call'
  actionpack (4.1.6) lib/action_dispatch/middleware/flash.rb:254:in `call'
  rack (1.5.2) lib/rack/session/abstract/id.rb:225:in `context'
  rack (1.5.2) lib/rack/session/abstract/id.rb:220:in `call'
  actionpack (4.1.6) lib/action_dispatch/middleware/cookies.rb:560:in `call'
  activerecord (4.1.6) lib/active_record/query_cache.rb:36:in `call'
  activerecord (4.1.6) lib/active_record/connection_adapters/abstract/connection_pool.rb:621:in `call'
  activerecord (4.1.6) lib/active_record/migration.rb:380:in `call'
  actionpack (4.1.6) lib/action_dispatch/middleware/callbacks.rb:29:in `block in call'
  activesupport (4.1.6) lib/active_support/callbacks.rb:82:in `run_callbacks'
  actionpack (4.1.6) lib/action_dispatch/middleware/callbacks.rb:27:in `call'
  actionpack (4.1.6) lib/action_dispatch/middleware/reloader.rb:73:in `call'
  actionpack (4.1.6) lib/action_dispatch/middleware/remote_ip.rb:76:in `call'
  actionpack (4.1.6) lib/action_dispatch/middleware/debug_exceptions.rb:17:in `call'
  actionpack (4.1.6) lib/action_dispatch/middleware/show_exceptions.rb:30:in `call'
  railties (4.1.6) lib/rails/rack/logger.rb:38:in `call_app'
  railties (4.1.6) lib/rails/rack/logger.rb:20:in `block in call'
  activesupport (4.1.6) lib/active_support/tagged_logging.rb:68:in `block in tagged'
  activesupport (4.1.6) lib/active_support/tagged_logging.rb:26:in `tagged'
  activesupport (4.1.6) lib/active_support/tagged_logging.rb:68:in `tagged'
  railties (4.1.6) lib/rails/rack/logger.rb:20:in `call'
  actionpack (4.1.6) lib/action_dispatch/middleware/request_id.rb:21:in `call'
  rack (1.5.2) lib/rack/methodoverride.rb:21:in `call'
  rack (1.5.2) lib/rack/runtime.rb:17:in `call'
  activesupport (4.1.6) lib/active_support/cache/strategy/local_cache_middleware.rb:26:in `call'
  rack (1.5.2) lib/rack/lock.rb:17:in `call'
  actionpack (4.1.6) lib/action_dispatch/middleware/static.rb:64:in `call'
  rack (1.5.2) lib/rack/sendfile.rb:112:in `call'
  railties (4.1.6) lib/rails/engine.rb:514:in `call'
  railties (4.1.6) lib/rails/application.rb:144:in `call'
  rack (1.5.2) lib/rack/lock.rb:17:in `call'
  rack (1.5.2) lib/rack/content_length.rb:14:in `call'
  rack (1.5.2) lib/rack/handler/webrick.rb:60:in `service'
  /Users/mjenkins/.rvm/rubies/ruby-2.1.1/lib/ruby/2.1.0/webrick/httpserver.rb:138:in `service'
  /Users/mjenkins/.rvm/rubies/ruby-2.1.1/lib/ruby/2.1.0/webrick/httpserver.rb:94:in `run'
  /Users/mjenkins/.rvm/rubies/ruby-2.1.1/lib/ruby/2.1.0/webrick/server.rb:295:in `block in start_thread'


  Rendered /Users/mjenkins/.rvm/gems/ruby-2.1.1@wikiful/gems/actionpack-4.1.6/lib/action_dispatch/middleware/templates/rescues/_trace.html.erb (1.0ms)
  Rendered /Users/mjenkins/.rvm/gems/ruby-2.1.1@wikiful/gems/actionpack-4.1.6/lib/action_dispatch/middleware/templates/routes/_route.html.erb (0.5ms)
  Rendered /Users/mjenkins/.rvm/gems/ruby-2.1.1@wikiful/gems/actionpack-4.1.6/lib/action_dispatch/middleware/templates/routes/_table.html.erb (6.7ms)
  Rendered /Users/mjenkins/.rvm/gems/ruby-2.1.1@wikiful/gems/actionpack-4.1.6/lib/action_dispatch/middleware/templates/rescues/routing_error.html.erb within rescues/layout (26.0ms)


Started GET "/" for 127.0.0.1 at 2014-10-16 10:40:43 -0500

LoadError (cannot load such file -- /Users/mjenkins/Dropbox/code/ruby/thinkful/wikiful/config/routes.rb):
  activesupport (4.1.6) lib/active_support/dependencies.rb:241:in `load'
  activesupport (4.1.6) lib/active_support/dependencies.rb:241:in `block in load'
  activesupport (4.1.6) lib/active_support/dependencies.rb:232:in `load_dependency'
  activesupport (4.1.6) lib/active_support/dependencies.rb:241:in `load'
  railties (4.1.6) lib/rails/application/routes_reloader.rb:40:in `block in load_paths'
  railties (4.1.6) lib/rails/application/routes_reloader.rb:40:in `each'
  railties (4.1.6) lib/rails/application/routes_reloader.rb:40:in `load_paths'
  railties (4.1.6) lib/rails/application/routes_reloader.rb:16:in `reload!'
  railties (4.1.6) lib/rails/application/routes_reloader.rb:26:in `block in updater'
  activesupport (4.1.6) lib/active_support/file_update_checker.rb:75:in `call'
  activesupport (4.1.6) lib/active_support/file_update_checker.rb:75:in `execute'
  railties (4.1.6) lib/rails/application/routes_reloader.rb:7:in `execute'
  railties (4.1.6) lib/rails/application/finisher.rb:83:in `block (2 levels) in <module:Finisher>'
  activesupport (4.1.6) lib/active_support/callbacks.rb:438:in `instance_exec'
  activesupport (4.1.6) lib/active_support/callbacks.rb:438:in `block in make_lambda'
  activesupport (4.1.6) lib/active_support/callbacks.rb:184:in `call'
  activesupport (4.1.6) lib/active_support/callbacks.rb:184:in `block in simple'
  activesupport (4.1.6) lib/active_support/callbacks.rb:185:in `call'
  activesupport (4.1.6) lib/active_support/callbacks.rb:185:in `block in simple'
  activesupport (4.1.6) lib/active_support/callbacks.rb:185:in `call'
  activesupport (4.1.6) lib/active_support/callbacks.rb:185:in `block in simple'
  activesupport (4.1.6) lib/active_support/callbacks.rb:86:in `call'
  activesupport (4.1.6) lib/active_support/callbacks.rb:86:in `run_callbacks'
  actionpack (4.1.6) lib/action_dispatch/middleware/reloader.rb:83:in `prepare!'
  actionpack (4.1.6) lib/action_dispatch/middleware/reloader.rb:71:in `call'
  actionpack (4.1.6) lib/action_dispatch/middleware/remote_ip.rb:76:in `call'
  actionpack (4.1.6) lib/action_dispatch/middleware/debug_exceptions.rb:17:in `call'
  actionpack (4.1.6) lib/action_dispatch/middleware/show_exceptions.rb:30:in `call'
  railties (4.1.6) lib/rails/rack/logger.rb:38:in `call_app'
  railties (4.1.6) lib/rails/rack/logger.rb:20:in `block in call'
  activesupport (4.1.6) lib/active_support/tagged_logging.rb:68:in `block in tagged'
  activesupport (4.1.6) lib/active_support/tagged_logging.rb:26:in `tagged'
  activesupport (4.1.6) lib/active_support/tagged_logging.rb:68:in `tagged'
  railties (4.1.6) lib/rails/rack/logger.rb:20:in `call'
  actionpack (4.1.6) lib/action_dispatch/middleware/request_id.rb:21:in `call'
  rack (1.5.2) lib/rack/methodoverride.rb:21:in `call'
  rack (1.5.2) lib/rack/runtime.rb:17:in `call'
  activesupport (4.1.6) lib/active_support/cache/strategy/local_cache_middleware.rb:26:in `call'
  rack (1.5.2) lib/rack/lock.rb:17:in `call'
  actionpack (4.1.6) lib/action_dispatch/middleware/static.rb:64:in `call'
  rack (1.5.2) lib/rack/sendfile.rb:112:in `call'
  railties (4.1.6) lib/rails/engine.rb:514:in `call'
  railties (4.1.6) lib/rails/application.rb:144:in `call'
  rack (1.5.2) lib/rack/lock.rb:17:in `call'
  rack (1.5.2) lib/rack/content_length.rb:14:in `call'
  rack (1.5.2) lib/rack/handler/webrick.rb:60:in `service'
  /Users/mjenkins/.rvm/rubies/ruby-2.1.1/lib/ruby/2.1.0/webrick/httpserver.rb:138:in `service'
  /Users/mjenkins/.rvm/rubies/ruby-2.1.1/lib/ruby/2.1.0/webrick/httpserver.rb:94:in `run'
  /Users/mjenkins/.rvm/rubies/ruby-2.1.1/lib/ruby/2.1.0/webrick/server.rb:295:in `block in start_thread'


  Rendered /Users/mjenkins/.rvm/gems/ruby-2.1.1@wikiful/gems/actionpack-4.1.6/lib/action_dispatch/middleware/templates/rescues/_source.erb (0.5ms)
  Rendered /Users/mjenkins/.rvm/gems/ruby-2.1.1@wikiful/gems/actionpack-4.1.6/lib/action_dispatch/middleware/templates/rescues/_trace.html.erb (0.8ms)
  Rendered /Users/mjenkins/.rvm/gems/ruby-2.1.1@wikiful/gems/actionpack-4.1.6/lib/action_dispatch/middleware/templates/rescues/_request_and_response.html.erb (0.6ms)
  Rendered /Users/mjenkins/.rvm/gems/ruby-2.1.1@wikiful/gems/actionpack-4.1.6/lib/action_dispatch/middleware/templates/rescues/diagnostics.erb within rescues/layout (15.6ms)


Started GET "/" for 127.0.0.1 at 2014-10-16 10:41:28 -0500
Processing by WelcomeController#index as HTML
  Rendered welcome/index.html.erb within layouts/application (0.9ms)
Completed 200 OK in 823ms (Views: 815.8ms | ActiveRecord: 0.0ms)


Started GET "/assets/welcome.css?body=1" for 127.0.0.1 at 2014-10-16 10:41:29 -0500


Started GET "/assets/application.css?body=1" for 127.0.0.1 at 2014-10-16 10:41:29 -0500


Started GET "/assets/jquery.js?body=1" for 127.0.0.1 at 2014-10-16 10:41:29 -0500


Started GET "/assets/turbolinks.js?body=1" for 127.0.0.1 at 2014-10-16 10:41:29 -0500


Started GET "/assets/jquery_ujs.js?body=1" for 127.0.0.1 at 2014-10-16 10:41:29 -0500


Started GET "/assets/welcome.js?body=1" for 127.0.0.1 at 2014-10-16 10:41:29 -0500


Started GET "/assets/application.js?body=1" for 127.0.0.1 at 2014-10-16 10:41:29 -0500


Started GET "/" for 127.0.0.1 at 2014-10-16 10:43:43 -0500
Processing by Rails::WelcomeController#index as HTML
  Rendered /Users/mjenkins/.rvm/gems/ruby-2.1.1@wikiful/gems/railties-4.1.6/lib/rails/templates/rails/welcome/index.html.erb (0.8ms)
Completed 200 OK in 2ms (Views: 1.9ms | ActiveRecord: 0.0ms)


Started GET "/" for 127.0.0.1 at 2014-10-16 10:43:48 -0500
Processing by WelcomeController#index as HTML
  Rendered welcome/index.html.erb within layouts/application (0.0ms)
Completed 200 OK in 23ms (Views: 22.9ms | ActiveRecord: 0.0ms)


Started GET "/assets/application.css?body=1" for 127.0.0.1 at 2014-10-16 10:43:48 -0500


Started GET "/assets/jquery.js?body=1" for 127.0.0.1 at 2014-10-16 10:43:48 -0500


Started GET "/assets/turbolinks.js?body=1" for 127.0.0.1 at 2014-10-16 10:43:48 -0500


Started GET "/assets/welcome.js?body=1" for 127.0.0.1 at 2014-10-16 10:43:48 -0500


Started GET "/assets/jquery_ujs.js?body=1" for 127.0.0.1 at 2014-10-16 10:43:48 -0500


Started GET "/assets/application.js?body=1" for 127.0.0.1 at 2014-10-16 10:43:48 -0500


Started GET "/assets/welcome.css?body=1" for 127.0.0.1 at 2014-10-16 10:43:48 -0500


Started GET "/" for 127.0.0.1 at 2014-10-16 10:44:22 -0500
Processing by WelcomeController#index as HTML
  Rendered welcome/index.html.erb within layouts/application (0.3ms)
Completed 200 OK in 25ms (Views: 24.4ms | ActiveRecord: 0.0ms)


Started GET "/assets/welcome.css?body=1" for 127.0.0.1 at 2014-10-16 10:44:22 -0500


Started GET "/assets/application.css?body=1" for 127.0.0.1 at 2014-10-16 10:44:22 -0500


Started GET "/assets/jquery_ujs.js?body=1" for 127.0.0.1 at 2014-10-16 10:44:22 -0500


Started GET "/assets/jquery.js?body=1" for 127.0.0.1 at 2014-10-16 10:44:22 -0500


Started GET "/assets/turbolinks.js?body=1" for 127.0.0.1 at 2014-10-16 10:44:22 -0500


Started GET "/assets/welcome.js?body=1" for 127.0.0.1 at 2014-10-16 10:44:22 -0500


Started GET "/assets/application.js?body=1" for 127.0.0.1 at 2014-10-16 10:44:22 -0500
